[2026-06-06 12:53:29:5329] [WARN]: ⚠️ SMTP environment variables are unconfigured. E-mails will output to system logs.
[2026-06-06 17:33:51:3351] [WARN]: ⚠️ SMTP environment variables are unconfigured. E-mails will output to system logs.
[2026-06-06 17:39:59:3959] [WARN]: ⚠️ SMTP environment variables are unconfigured. E-mails will output to system logs.
[2026-06-06 17:42:15:4215] [INFO]: [Email Simulator] Outbound Email to: <rahulprasadcoding01@gmail.com>
Subject: Welcome to NatureSip Premium! 🌿
Body: 
    <div style="font-family: Arial, sans-serif; max-width: 600px; margin: auto; padding: 20px; border: 1px solid #eee; border-radius: 8px;">
      <h2 style="color: #4CAF50; text-align: center;">Welcome, Rahul Prasad Das!</h2>
      <p>Thank you for creating an account with NatureSip Premium. We ar... (truncated)
[2026-06-06 17:49:04:494] [WARN]: ⚠️ SMTP environment variables are unconfigured. E-mails will output to system logs.
[2026-06-06 17:50:23:5023] [WARN]: ⚠️ SMTP environment variables are unconfigured. E-mails will output to system logs.
[2026-06-06 17:50:53:5053] [WARN]: ⚠️ SMTP environment variables are unconfigured. E-mails will output to system logs.
[2026-06-06 17:56:10:5610] [WARN]: ⚠️ SMTP environment variables are unconfigured. E-mails will output to system logs.
[2026-06-06 17:56:41:5641] [WARN]: ⚠️ SMTP environment variables are unconfigured. E-mails will output to system logs.
[2026-06-06 17:56:50:5650] [WARN]: ⚠️ SMTP environment variables are unconfigured. E-mails will output to system logs.
[2026-06-06 17:56:57:5657] [WARN]: ⚠️ SMTP environment variables are unconfigured. E-mails will output to system logs.
[2026-06-06 17:57:03:573] [WARN]: ⚠️ SMTP environment variables are unconfigured. E-mails will output to system logs.
[2026-06-06 17:57:38:5738] [WARN]: ⚠️ SMTP environment variables are unconfigured. E-mails will output to system logs.
[2026-06-06 17:59:58:5958] [WARN]: ⚠️ SMTP environment variables are unconfigured. E-mails will output to system logs.
[2026-06-06 18:00:10:010] [WARN]: ⚠️ SMTP environment variables are unconfigured. E-mails will output to system logs.
[2026-06-06 18:00:16:016] [WARN]: ⚠️ SMTP environment variables are unconfigured. E-mails will output to system logs.
[2026-06-06 18:00:22:022] [WARN]: ⚠️ SMTP environment variables are unconfigured. E-mails will output to system logs.
[2026-06-06 18:03:10:310] [WARN]: ⚠️ SMTP environment variables are unconfigured. E-mails will output to system logs.
[2026-06-06 18:03:17:317] [WARN]: ⚠️ SMTP environment variables are unconfigured. E-mails will output to system logs.
[2026-06-06 18:03:28:328] [INFO]: [Email Simulator] Outbound Email to: <test_e2e_1780749208158@example.com>
Subject: Welcome to NatureSip Premium! 🌿
Body: 
    <div style="font-family: Arial, sans-serif; max-width: 600px; margin: auto; padding: 20px; border: 1px solid #eee; border-radius: 8px;">
      <h2 style="color: #4CAF50; text-align: center;">Welcome, E2E Test User!</h2>
      <p>Thank you for creating an account with NatureSip Premium. We are t... (truncated)
[2026-06-06 18:03:30:330] [INFO]: Checkout session created for order ID: c9ab72fe-d2ce-4426-aadb-86e40816ffd1. URL: http://localhost:3000/index.html?session_id=cs_mock_1780749210286&mock=true&sku=NS-MANGO&email=test_e2e_1780749208158%40example.com&name=E2E%20Test%20User&amount=24.99&order_id=c9ab72fe-d2ce-4426-aadb-86e40816ffd1
